<?xml version="1.0" encoding="UTF-8"?>
<testsuite name="HU-001 Buscador Walmart" tests="1" skipped="0" failures="0" errors="0" timestamp="2021-06-07T14:45:17" hostname="DESKTOP-L7SN420" time="123.13">
  <properties/>
  <testcase name="Buscar productos en el buscador de walmart exitoso" classname="HU-001 Buscador Walmart" time="123.13"/>
  <system-out><![CDATA[Harry Potter Hard Cover Boxed Set: Books #1-7
Xbox Series X
Sony Playstation 4 DualShock 4 Controller, Black
adidas Moves Eau de Toilette Cologne for Men, 1 Oz Mini & Travel Size
Nike Tour Golf Hat, White
]]></system-out>
  <system-err><![CDATA[Starting ChromeDriver 91.0.4472.19 (1bf021f248676a0b2ab3ee0561d83a59e424c23e-refs/branch-heads/4472@{#288}) on port 1737
Only local connections are allowed.
Please see https://chromedriver.chromium.org/security-considerations for suggestions on keeping ChromeDriver safe.
ChromeDriver was started successfully.
jun 07, 2021 9:45:34 AM org.openqa.selenium.remote.ProtocolHandshake createSession
INFORMACIÓN: Detected dialect: W3C
]]></system-err>
</testsuite>
